2016-01-18 01:00:24,590 - ucms.birdie.parser.price - INFO - ====================================================================================
2016-01-18 01:00:24,590 - ucms.birdie.parser.price - INFO - price parser started
2016-01-18 01:00:24,590 - ucms.birdie.parser.price - INFO - ====================================================================================
2016-01-18 01:00:24,666 - ucms.birdie.parser.price - INFO - MYSQL connected.
2016-01-18 01:00:24,705 - ucms.birdie.parser.price - INFO - 12 rows deleted
2016-01-18 01:00:25,118 - ucms.birdie.parser.price - INFO - CMHO rate imported
2016-01-18 01:00:25,320 - ucms.birdie.parser.price - WARNING - <class 'mysql.connector.errors.ProgrammingError'>:Not enough parameters for the SQL statement
2016-01-18 01:00:25,320 - ucms.birdie.parser.price - ERROR - EXCEPTION:
Traceback (most recent call last):
  File "/Users/initialb/Projects/UCMS/Backend/priceparser/priceparser.py", line 153, in get_ICBC_rate
    cursor.execute(add_product, rate_data)
  File "/Library/Python/2.7/site-packages/mysql/connector/cursor.py", line 495, in execute
    stmt = RE_PY_PARAM.sub(psub, stmt)
  File "/Library/Python/2.7/site-packages/mysql/connector/cursor.py", line 68, in __call__
    "Not enough parameters for the SQL statement")
ProgrammingError: Not enough parameters for the SQL statement
2016-01-18 01:00:25,932 - ucms.birdie.parser.price - INFO - BCHO rate imported
2016-01-18 01:00:26,019 - ucms.birdie.parser.price - INFO - ABCI rates imported
2016-01-18 01:00:26,133 - ucms.birdie.parser.price - INFO - CCBH rate imported
2016-01-18 01:00:26,266 - ucms.birdie.parser.price - INFO - CTIB rate imported
2016-01-18 01:00:26,426 - ucms.birdie.parser.price - INFO - BCOH rate imported
2016-01-18 01:00:26,723 - ucms.birdie.parser.price - INFO - EBBC rate imported
2016-01-18 01:00:27,080 - ucms.birdie.parser.price - INFO - IBCN rate imported
2016-01-18 01:00:27,279 - ucms.birdie.parser.price - INFO - SPDB rate imported
2016-01-18 01:00:27,528 - ucms.birdie.parser.price - INFO - DESZ rate imported
2016-01-18 01:00:28,881 - ucms.birdie.parser.price - INFO - BKSH rate imported
2016-01-18 01:01:27,541 - ucms.birdie.parser.price - INFO - 1st date: 20151114
2016-01-18 01:01:27,742 - ucms.birdie.parser.price - INFO - 2nd date: 20151114
2016-01-18 01:01:27,761 - ucms.birdie.parser.price - INFO - BOBJ rate imported
2016-01-18 01:01:27,787 - ucms.birdie.parser.price - INFO - All rates retrieved


